<?xml version="1.0" encoding="UTF-8"?>
<!-- Generated by org.testng.reporters.JUnitXMLReporter -->
<testsuite ignored="1" hostname="TYC1121225" failures="2" tests="6" name="Test" time="0.183" errors="0" timestamp="2023-02-14T12:57:48 IST">
  <testcase classname="testNg.Demo5" name="demo" time="0.024">
    <failure type="java.lang.AssertionError" message="expected [420] but found [143]">
      <![CDATA[java.lang.AssertionError: expected [420] but found [143]
at testNg.Demo5.demo(Demo5.java:13)
at java.base/java.util.ArrayList.forEach(ArrayList.java:1511)
... Removed 33 stack frames]]>
    </failure>
  </testcase> <!-- demo -->
  <testcase classname="testNg.Demo4" name="demo1" time="0.002">
    <failure type="java.lang.AssertionError" message="null">
      <![CDATA[java.lang.AssertionError: null
at testNg.Demo4.demo1(Demo4.java:10)
at java.base/java.util.ArrayList.forEach(ArrayList.java:1511)
... Removed 29 stack frames]]>
    </failure>
  </testcase> <!-- demo1 -->
  <testcase classname="testNg.Demo4" name="demo4" time="0.001"/>
  <testcase classname="testNg.Demo4" name="demo2" time="0.0">
    <skipped/>
  </testcase> <!-- demo2 -->
  <testcase classname="testNg.Demo4" name="demo3" time="0.0">
    <skipped/>
  </testcase> <!-- demo3 -->
  <testcase classname="testNg.Demo3" name="qspiders" time="0.002"/>
  <testcase classname="testNg.Demo3" name="jspiders" time="0.0">
    <ignored/>
  </testcase> <!-- jspiders -->
</testsuite> <!-- Test -->
